<?xml version="1.0" encoding="UTF-8"?>
<!-- Generated by org.testng.reporters.JUnitReportReporter -->
<testsuite hostname="DESKTOP-4OFLQTK" failures="0" tests="1" name="sikulitutorial.Sikuliwebautomation" time="19.486" errors="0" timestamp="2023-11-17T14:01:15 IST" skipped="0">
  <testcase classname="sikulitutorial.Sikuliwebautomation" name="webautomation" time="19.486"/>
  <system-out/>
</testsuite> <!-- sikulitutorial.Sikuliwebautomation -->
