<?xml version="1.0" encoding="UTF-8"?>
<!-- Generated by org.testng.reporters.JUnitReportReporter -->
<testsuite hostname="DESKTOP-4OFLQTK" failures="0" tests="5" name="testngfeatures.Testng_3_Priority_order" time="18.851" errors="0" timestamp="2023-11-06T19:26:34 IST" skipped="0">
  <testcase classname="testngfeatures.Testng_3_Priority_order" name="selenium" time="4.953"/>
  <system-out/>
  <testcase classname="testngfeatures.Testng_3_Priority_order" name="gmail" time="4.893"/>
  <system-out/>
  <testcase classname="testngfeatures.Testng_3_Priority_order" name="google" time="3.160"/>
  <system-out/>
  <testcase classname="testngfeatures.Testng_3_Priority_order" name="facebook" time="1.865"/>
  <system-out/>
  <testcase classname="testngfeatures.Testng_3_Priority_order" name="twitter" time="3.980"/>
  <system-out/>
</testsuite> <!-- testngfeatures.Testng_3_Priority_order -->
