<?xml version="1.0" encoding="UTF-8"?>
<!-- Generated by org.testng.reporters.JUnitReportReporter -->
<testsuite hostname="DESKTOP-4OFLQTK" failures="0" tests="3" name="alertpopuphandles.Alertokcanclebuttons" time="86.935" errors="0" timestamp="2023-11-14T19:03:20 IST" skipped="0">
  <testcase classname="alertpopuphandles.Alertokcanclebuttons" name="alertwindowsendtextokbutton" time="17.740"/>
  <system-out/>
  <testcase classname="alertpopuphandles.Alertokcanclebuttons" name="alertcancelbutton" time="53.120"/>
  <system-out/>
  <testcase classname="alertpopuphandles.Alertokcanclebuttons" name="alertokbutton" time="16.075"/>
  <system-out/>
</testsuite> <!-- alertpopuphandles.Alertokcanclebuttons -->
