<?xml version="1.0" encoding="UTF-8"?>
<!-- Generated by org.testng.reporters.JUnitReportReporter -->
<testsuite hostname="DESKTOP-4OFLQTK" failures="0" tests="5" name="testngfeatures.Testng_2_alphabiticalorder" time="44.381" errors="0" timestamp="2023-11-06T18:57:29 IST" skipped="0">
  <testcase classname="testngfeatures.Testng_2_alphabiticalorder" name="facebook" time="4.741"/>
  <system-out/>
  <testcase classname="testngfeatures.Testng_2_alphabiticalorder" name="gmail" time="11.778"/>
  <system-out/>
  <testcase classname="testngfeatures.Testng_2_alphabiticalorder" name="twitter" time="13.275"/>
  <system-out/>
  <testcase classname="testngfeatures.Testng_2_alphabiticalorder" name="selenium" time="2.792"/>
  <system-out/>
  <testcase classname="testngfeatures.Testng_2_alphabiticalorder" name="google" time="11.795"/>
  <system-out/>
</testsuite> <!-- testngfeatures.Testng_2_alphabiticalorder -->
