<?xml version="1.0" encoding="UTF-8"?>
<!-- Generated by org.testng.reporters.JUnitReportReporter -->
<testsuite hostname="DESKTOP-4OFLQTK" failures="0" tests="3" name="testngfeatures.Testng_9_groups" time="16.407" errors="0" timestamp="2023-11-09T14:54:31 IST" skipped="0">
  <testcase classname="testngfeatures.Testng_9_groups" name="gmail" time="7.595"/>
  <system-out/>
  <testcase classname="testngfeatures.Testng_9_groups" name="selenium" time="2.873"/>
  <system-out/>
  <testcase classname="testngfeatures.Testng_9_groups" name="redmine" time="5.939"/>
  <system-out/>
</testsuite> <!-- testngfeatures.Testng_9_groups -->
