<?xml version="1.0" encoding="UTF-8"?>
<!-- Generated by org.testng.reporters.JUnitReportReporter -->
<testsuite hostname="DESKTOP-4OFLQTK" failures="0" tests="5" name="testngfeatures.Testng_8_Run_xml_file" time="20.464" errors="0" timestamp="2023-11-09T13:51:59 IST" skipped="0">
  <testcase classname="testngfeatures.Testng_8_Run_xml_file" name="selenium" time="7.523"/>
  <system-out/>
  <testcase classname="testngfeatures.Testng_8_Run_xml_file" name="gmail" time="4.298"/>
  <system-out/>
  <testcase classname="testngfeatures.Testng_8_Run_xml_file" name="Zomato" time="4.160"/>
  <system-out/>
  <testcase classname="testngfeatures.Testng_8_Run_xml_file" name="twitter" time="3.676"/>
  <system-out/>
  <testcase classname="testngfeatures.Testng_8_Run_xml_file" name="redmine" time="0.807"/>
  <system-out/>
</testsuite> <!-- testngfeatures.Testng_8_Run_xml_file -->
