<?xml version="1.0" encoding="UTF-8"?>
<!-- Generated by org.testng.reporters.JUnitReportReporter -->
<testsuite hostname="DESKTOP-4OFLQTK" failures="0" tests="5" name="actionclassprograms.Actionsclassfeatures" time="14.446" errors="0" timestamp="2023-11-15T14:14:44 IST" skipped="4">
  <testcase classname="actionclassprograms.Actionsclassfeatures" name="keyboardfunctions" time="14.446"/>
  <system-out/>
  <testcase classname="actionclassprograms.Actionsclassfeatures" name="mousehover">
    <skipped/>
  </testcase> <!-- mousehover -->
  <system-out/>
  <testcase classname="actionclassprograms.Actionsclassfeatures" name="doubleclick">
    <skipped/>
  </testcase> <!-- doubleclick -->
  <system-out/>
  <testcase classname="actionclassprograms.Actionsclassfeatures" name="rightclick">
    <skipped/>
  </testcase> <!-- rightclick -->
  <system-out/>
  <testcase classname="actionclassprograms.Actionsclassfeatures" name="draganddrop">
    <skipped/>
  </testcase> <!-- draganddrop -->
  <system-out/>
</testsuite> <!-- actionclassprograms.Actionsclassfeatures -->
