<?xml version="1.0" encoding="UTF-8"?>
<!-- Generated by org.testng.reporters.JUnitReportReporter -->
<testsuite hostname="DESKTOP-4OFLQTK" failures="0" tests="1" name="log4jtutorial.Log4jdemo" time="31.358" errors="0" timestamp="2023-11-15T18:42:08 IST" skipped="0">
  <testcase classname="log4jtutorial.Log4jdemo" name="googlesearch" time="31.358"/>
  <system-out/>
</testsuite> <!-- log4jtutorial.Log4jdemo -->
