<?xml version="1.0" encoding="UTF-8"?>
<!-- Generated by org.testng.reporters.JUnitReportReporter -->
<testsuite hostname="DESKTOP-4OFLQTK" failures="0" tests="3" name="verifytabtitleurlandapptext.TabtitleURLText" time="4.534" errors="0" timestamp="2023-11-18T19:35:24 IST" skipped="2">
  <testcase classname="verifytabtitleurlandapptext.TabtitleURLText" name="verifyApplicationText" time="4.534"/>
  <system-out/>
  <testcase classname="verifytabtitleurlandapptext.TabtitleURLText" name="verifyURL">
    <skipped/>
  </testcase> <!-- verifyURL -->
  <system-out/>
  <testcase classname="verifytabtitleurlandapptext.TabtitleURLText" name="verifytabtitle">
    <skipped/>
  </testcase> <!-- verifytabtitle -->
  <system-out/>
</testsuite> <!-- verifytabtitleurlandapptext.TabtitleURLText -->
