<?xml version="1.0" encoding="UTF-8"?>
<!-- Generated by org.testng.reporters.JUnitReportReporter -->
<testsuite hostname="DESKTOP-4OFLQTK" failures="0" tests="1" name="fileupload.Fileattachment" time="21.083" errors="0" timestamp="2023-11-16T19:43:05 IST" skipped="0">
  <testcase classname="fileupload.Fileattachment" name="attachfile" time="21.083"/>
  <system-out/>
</testsuite> <!-- fileupload.Fileattachment -->
