<?xml version="1.0" encoding="UTF-8"?>
<!-- Generated by org.testng.reporters.JUnitReportReporter -->
<testsuite hostname="DESKTOP-4OFLQTK" failures="0" tests="1" name="dropdownmethods.Dropdownvalues" time="15.737" errors="0" timestamp="2023-11-10T14:21:37 IST" skipped="0">
  <testcase classname="dropdownmethods.Dropdownvalues" name="Dropdown" time="15.737"/>
  <system-out/>
</testsuite> <!-- dropdownmethods.Dropdownvalues -->
