<?xml version="1.0" encoding="UTF-8"?>
<!-- Generated by org.testng.reporters.JUnitReportReporter -->
<testsuite hostname="DESKTOP-4OFLQTK" failures="0" tests="5" name="testngfeatures.Testng_4_skip_ignore_disabled" time="14.246" errors="0" timestamp="2023-11-06T19:49:11 IST" skipped="2">
  <testcase classname="testngfeatures.Testng_4_skip_ignore_disabled" name="selenium" time="1.659"/>
  <system-out/>
  <testcase classname="testngfeatures.Testng_4_skip_ignore_disabled" name="gmail" time="9.240"/>
  <system-out/>
  <testcase classname="testngfeatures.Testng_4_skip_ignore_disabled" name="google" time="3.347"/>
  <system-out/>
  <testcase classname="testngfeatures.Testng_4_skip_ignore_disabled" name="facebook">
    <skipped/>
  </testcase> <!-- facebook -->
  <system-out/>
  <testcase classname="testngfeatures.Testng_4_skip_ignore_disabled" name="twitter">
    <skipped/>
  </testcase> <!-- twitter -->
  <system-out/>
</testsuite> <!-- testngfeatures.Testng_4_skip_ignore_disabled -->
