<?xml version="1.0" encoding="UTF-8"?>
<!-- Generated by org.testng.reporters.JUnitReportReporter -->
<testsuite hostname="DESKTOP-4OFLQTK" failures="0" tests="2" name="testngfeatures.Testng_7_dependsonmethods" time="12.679" errors="0" timestamp="2023-11-09T14:26:05 IST" skipped="0">
  <testcase classname="testngfeatures.Testng_7_dependsonmethods" name="method2" time="2.541"/>
  <system-out/>
  <testcase classname="testngfeatures.Testng_7_dependsonmethods" name="method1" time="10.138"/>
  <system-out/>
</testsuite> <!-- testngfeatures.Testng_7_dependsonmethods -->
