<?xml version="1.0" encoding="UTF-8"?>
<!-- Generated by org.testng.reporters.JUnitReportReporter -->
<testsuite hostname="DESKTOP-4OFLQTK" failures="0" tests="1" name="sikulitutorial.Desktopautomation" time="7.281" errors="0" timestamp="2023-11-17T13:33:29 IST" skipped="0">
  <testcase classname="sikulitutorial.Desktopautomation" name="desktopautomation" time="7.281"/>
  <system-out/>
</testsuite> <!-- sikulitutorial.Desktopautomation -->
