<?xml version="1.0" encoding="UTF-8"?>
<!-- Generated by org.testng.reporters.JUnitReportReporter -->
<testsuite hostname="DESKTOP-4OFLQTK" failures="0" tests="4" name="testngfeatures.Testng_5_Description" time="8.869" errors="0" timestamp="2023-11-09T14:26:05 IST" skipped="0">
  <testcase classname="testngfeatures.Testng_5_Description" name="RM_15" time="2.356"/>
  <system-out/>
  <testcase classname="testngfeatures.Testng_5_Description" name="RM_2" time="4.389"/>
  <system-out/>
  <testcase classname="testngfeatures.Testng_5_Description" name="RM_9" time="0.141"/>
  <system-out/>
  <testcase classname="testngfeatures.Testng_5_Description" name="RM_5" time="1.983"/>
  <system-out/>
</testsuite> <!-- testngfeatures.Testng_5_Description -->
